<?xml version="1.0" encoding="UTF-8"?>
<testng-results skipped="1" failed="0" ignored="0" total="1" passed="0">
  <reporter-output>
  </reporter-output>
  <suite name="Default suite" duration-ms="32" started-at="2018-10-23T05:04:29Z" finished-at="2018-10-23T05:04:29Z">
    <groups>
    </groups>
    <test name="Default test" duration-ms="32" started-at="2018-10-23T05:04:29Z" finished-at="2018-10-23T05:04:29Z">
      <class name="SearchTestCases.SRCH_001">
        <test-method status="PASS" signature="initOnce()[pri:0, instance:SearchTestCases.SRCH_001@236e3f4e]" name="initOnce" is-config="true" duration-ms="195" started-at="2018-10-23T05:04:29Z" finished-at="2018-10-23T05:04:29Z">
          <reporter-output>
          </reporter-output>
        </test-method> <!-- initOnce -->
        <test-method status="FAIL" signature="openBrowser(java.lang.String)[pri:0, instance:SearchTestCases.SRCH_001@236e3f4e]" name="openBrowser" is-config="true" duration-ms="0" started-at="2018-10-23T05:04:29Z" finished-at="2018-10-23T05:04:29Z">
          <exception class="org.testng.TestNGException">
            <message>
              <![CDATA[
Parameter 'browser' is required by BeforeTest on method openBrowser but has not been marked @Optional or defined
in C:\Users\prathyush.parat\AppData\Local\Temp\testng-eclipse--1196799917\testng-customsuite.xml]]>
            </message>
            <full-stacktrace>
              <![CDATA[org.testng.TestNGException: 
Parameter 'browser' is required by BeforeTest on method openBrowser but has not been marked @Optional or defined
in C:\Users\prathyush.parat\AppData\Local\Temp\testng-eclipse--1196799917\testng-customsuite.xml
at org.testng.internal.Parameters.createParams(Parameters.java:290)
at org.testng.internal.Parameters.createParametersForMethod(Parameters.java:359)
at org.testng.internal.Parameters.createParameters(Parameters.java:620)
at org.testng.internal.Parameters.createConfigurationParameters(Parameters.java:190)
at org.testng.internal.Invoker.invokeConfigurations(Invoker.java:209)
at org.testng.internal.Invoker.invokeConfigurations(Invoker.java:142)
at org.testng.TestRunner.beforeRun(TestRunner.java:529)
at org.testng.TestRunner.run(TestRunner.java:497)
at org.testng.SuiteRunner.runTest(SuiteRunner.java:455)
at org.testng.SuiteRunner.runSequentially(SuiteRunner.java:450)
at org.testng.SuiteRunner.privateRun(SuiteRunner.java:415)
at org.testng.SuiteRunner.run(SuiteRunner.java:364)
at org.testng.SuiteRunnerWorker.runSuite(SuiteRunnerWorker.java:52)
at org.testng.SuiteRunnerWorker.run(SuiteRunnerWorker.java:84)
at org.testng.TestNG.runSuitesSequentially(TestNG.java:1208)
at org.testng.TestNG.runSuitesLocally(TestNG.java:1137)
at org.testng.TestNG.runSuites(TestNG.java:1049)
at org.testng.TestNG.run(TestNG.java:1017)
at org.testng.remote.AbstractRemoteTestNG.run(AbstractRemoteTestNG.java:114)
at org.testng.remote.RemoteTestNG.initAndRun(RemoteTestNG.java:251)
at org.testng.remote.RemoteTestNG.main(RemoteTestNG.java:77)
]]>
            </full-stacktrace>
          </exception> <!-- org.testng.TestNGException -->
          <reporter-output>
          </reporter-output>
        </test-method> <!-- openBrowser -->
        <test-method status="SKIP" signature="initializeReports(java.lang.reflect.Method)[pri:0, instance:SearchTestCases.SRCH_001@236e3f4e]" name="initializeReports" is-config="true" duration-ms="0" started-at="2018-10-23T05:04:29Z" finished-at="2018-10-23T05:04:29Z">
          <reporter-output>
          </reporter-output>
        </test-method> <!-- initializeReports -->
        <test-method status="SKIP" signature="SRCH_001()[pri:0, instance:SearchTestCases.SRCH_001@236e3f4e]" name="SRCH_001" duration-ms="0" started-at="2018-10-23T05:04:29Z" finished-at="2018-10-23T05:04:29Z">
          <exception class="org.testng.TestNGException">
            <message>
              <![CDATA[
Parameter 'browser' is required by BeforeTest on method openBrowser but has not been marked @Optional or defined
in C:\Users\prathyush.parat\AppData\Local\Temp\testng-eclipse--1196799917\testng-customsuite.xml]]>
            </message>
            <full-stacktrace>
              <![CDATA[org.testng.TestNGException: 
Parameter 'browser' is required by BeforeTest on method openBrowser but has not been marked @Optional or defined
in C:\Users\prathyush.parat\AppData\Local\Temp\testng-eclipse--1196799917\testng-customsuite.xml
at org.testng.internal.Parameters.createParams(Parameters.java:290)
at org.testng.internal.Parameters.createParametersForMethod(Parameters.java:359)
at org.testng.internal.Parameters.createParameters(Parameters.java:620)
at org.testng.internal.Parameters.createConfigurationParameters(Parameters.java:190)
at org.testng.internal.Invoker.invokeConfigurations(Invoker.java:209)
at org.testng.internal.Invoker.invokeConfigurations(Invoker.java:142)
at org.testng.TestRunner.beforeRun(TestRunner.java:529)
at org.testng.TestRunner.run(TestRunner.java:497)
at org.testng.SuiteRunner.runTest(SuiteRunner.java:455)
at org.testng.SuiteRunner.runSequentially(SuiteRunner.java:450)
at org.testng.SuiteRunner.privateRun(SuiteRunner.java:415)
at org.testng.SuiteRunner.run(SuiteRunner.java:364)
at org.testng.SuiteRunnerWorker.runSuite(SuiteRunnerWorker.java:52)
at org.testng.SuiteRunnerWorker.run(SuiteRunnerWorker.java:84)
at org.testng.TestNG.runSuitesSequentially(TestNG.java:1208)
at org.testng.TestNG.runSuitesLocally(TestNG.java:1137)
at org.testng.TestNG.runSuites(TestNG.java:1049)
at org.testng.TestNG.run(TestNG.java:1017)
at org.testng.remote.AbstractRemoteTestNG.run(AbstractRemoteTestNG.java:114)
at org.testng.remote.RemoteTestNG.initAndRun(RemoteTestNG.java:251)
at org.testng.remote.RemoteTestNG.main(RemoteTestNG.java:77)
]]>
            </full-stacktrace>
          </exception> <!-- org.testng.TestNGException -->
          <reporter-output>
          </reporter-output>
        </test-method> <!-- SRCH_001 -->
        <test-method status="SKIP" signature="updateTestResult(org.testng.ITestResult)[pri:0, instance:SearchTestCases.SRCH_001@236e3f4e]" name="updateTestResult" is-config="true" duration-ms="0" started-at="2018-10-23T05:04:29Z" finished-at="2018-10-23T05:04:29Z">
          <reporter-output>
          </reporter-output>
        </test-method> <!-- updateTestResult -->
        <test-method status="SKIP" signature="closeBrowser()[pri:0, instance:SearchTestCases.SRCH_001@236e3f4e]" name="closeBrowser" is-config="true" duration-ms="0" started-at="2018-10-23T05:04:29Z" finished-at="2018-10-23T05:04:29Z">
          <reporter-output>
          </reporter-output>
        </test-method> <!-- closeBrowser -->
      </class> <!-- SearchTestCases.SRCH_001 -->
    </test> <!-- Default test -->
  </suite> <!-- Default suite -->
</testng-results>
